<?xml version="1.0" encoding="UTF-8"?>
<testsuite name="com.example.springcalculator.component.DollarCalculatorTest" tests="1" skipped="0" failures="0" errors="0" timestamp="2022-08-31T10:31:30" hostname="DESKTOP-UVTDLBF" time="0.07">
  <properties/>
  <testcase name="dollarCalculatorTest()" classname="com.example.springcalculator.component.DollarCalculatorTest" time="0.07"/>
  <system-out><![CDATA[19:31:27.468 [Test worker] DEBUG org.springframework.test.context.BootstrapUtils - Instantiating CacheAwareContextLoaderDelegate from class [org.springframework.test.context.cache.DefaultCacheAwareContextLoaderDelegate]
19:31:27.484 [Test worker] DEBUG org.springframework.test.context.BootstrapUtils - Instantiating BootstrapContext using constructor [public org.springframework.test.context.support.DefaultBootstrapContext(java.lang.Class,org.springframework.test.context.CacheAwareContextLoaderDelegate)]
19:31:27.546 [Test worker] DEBUG org.springframework.test.context.BootstrapUtils - Instantiating TestContextBootstrapper for test class [com.example.springcalculator.component.DollarCalculatorTest] from class [org.springframework.boot.test.context.SpringBootTestContextBootstrapper]
19:31:27.562 [Test worker] INFO org.springframework.boot.test.context.SpringBootTestContextBootstrapper - Neither @ContextConfiguration nor @ContextHierarchy found for test class [com.example.springcalculator.component.DollarCalculatorTest], using SpringBootContextLoader
19:31:27.562 [Test worker] DEBUG org.springframework.test.context.support.AbstractContextLoader - Did not detect default resource location for test class [com.example.springcalculator.component.DollarCalculatorTest]: class path resource [com/example/springcalculator/component/DollarCalculatorTest-context.xml] does not exist
19:31:27.562 [Test worker] DEBUG org.springframework.test.context.support.AbstractContextLoader - Did not detect default resource location for test class [com.example.springcalculator.component.DollarCalculatorTest]: class path resource [com/example/springcalculator/component/DollarCalculatorTestContext.groovy] does not exist
19:31:27.562 [Test worker] INFO org.springframework.test.context.support.AbstractContextLoader - Could not detect default resource locations for test class [com.example.springcalculator.component.DollarCalculatorTest]: no resource found for suffixes {-context.xml, Context.groovy}.
19:31:27.562 [Test worker] INFO org.springframework.test.context.support.AnnotationConfigContextLoaderUtils - Could not detect default configuration classes for test class [com.example.springcalculator.component.DollarCalculatorTest]: DollarCalculatorTest does not declare any static, non-private, non-final, nested classes annotated with @Configuration.
19:31:27.625 [Test worker] DEBUG org.springframework.test.context.support.ActiveProfilesUtils - Could not find an 'annotation declaring class' for annotation type [org.springframework.test.context.ActiveProfiles] and class [com.example.springcalculator.component.DollarCalculatorTest]
19:31:27.718 [Test worker] DEBUG org.springframework.context.annotation.ClassPathScanningCandidateComponentProvider - Identified candidate component class: file [C:\study\spring-calculator\build\classes\java\main\com\example\springcalculator\SpringCalculatorApplication.class]
19:31:27.718 [Test worker] INFO org.springframework.boot.test.context.SpringBootTestContextBootstrapper - Found @SpringBootConfiguration com.example.springcalculator.SpringCalculatorApplication for test class com.example.springcalculator.component.DollarCalculatorTest
19:31:27.859 [Test worker] DEBUG org.springframework.boot.test.context.SpringBootTestContextBootstrapper - @TestExecutionListeners is not present for class [com.example.springcalculator.component.DollarCalculatorTest]: using defaults.
19:31:27.859 [Test worker] INFO org.springframework.boot.test.context.SpringBootTestContextBootstrapper - Loaded default TestExecutionListener class names from location [META-INF/spring.factories]: [org.springframework.boot.test.autoconfigure.restdocs.RestDocsTestExecutionListener, org.springframework.boot.test.autoconfigure.web.client.MockRestServiceServerResetTestExecutionListener, org.springframework.boot.test.autoconfigure.web.servlet.MockMvcPrintOnlyOnFailureTestExecutionListener, org.springframework.boot.test.autoconfigure.web.servlet.WebDriverTestExecutionListener, org.springframework.boot.test.autoconfigure.webservices.client.MockWebServiceServerTestExecutionListener, org.springframework.boot.test.mock.mockito.MockitoTestExecutionListener, org.springframework.boot.test.mock.mockito.ResetMocksTestExecutionListener, org.springframework.test.context.web.ServletTestExecutionListener, org.springframework.test.context.support.DirtiesContextBeforeModesTestExecutionListener, org.springframework.test.context.event.ApplicationEventsTestExecutionListener, org.springframework.test.context.support.DependencyInjectionTestExecutionListener, org.springframework.test.context.support.DirtiesContextTestExecutionListener, org.springframework.test.context.transaction.TransactionalTestExecutionListener, org.springframework.test.context.jdbc.SqlScriptsTestExecutionListener, org.springframework.test.context.event.EventPublishingTestExecutionListener]
19:31:27.875 [Test worker] DEBUG org.springframework.boot.test.context.SpringBootTestContextBootstrapper - Skipping candidate TestExecutionListener [org.springframework.test.context.transaction.TransactionalTestExecutionListener] due to a missing dependency. Specify custom listener classes or make the default listener classes and their required dependencies available. Offending class: [org/springframework/transaction/interceptor/TransactionAttributeSource]
19:31:27.875 [Test worker] DEBUG org.springframework.boot.test.context.SpringBootTestContextBootstrapper - Skipping candidate TestExecutionListener [org.springframework.test.context.jdbc.SqlScriptsTestExecutionListener] due to a missing dependency. Specify custom listener classes or make the default listener classes and their required dependencies available. Offending class: [org/springframework/transaction/interceptor/TransactionAttribute]
19:31:27.875 [Test worker] INFO org.springframework.boot.test.context.SpringBootTestContextBootstrapper - Using TestExecutionListeners: [org.springframework.test.context.web.ServletTestExecutionListener@1d572e62, org.springframework.test.context.support.DirtiesContextBeforeModesTestExecutionListener@29caf222, org.springframework.test.context.event.ApplicationEventsTestExecutionListener@46cf05f7, org.springframework.boot.test.mock.mockito.MockitoTestExecutionListener@5851bd4f, org.springframework.boot.test.autoconfigure.SpringBootDependencyInjectionTestExecutionListener@7cd1ac19, org.springframework.test.context.support.DirtiesContextTestExecutionListener@2f40a43, org.springframework.test.context.event.EventPublishingTestExecutionListener@3caa4757, org.springframework.boot.test.autoconfigure.restdocs.RestDocsTestExecutionListener@69c43e48, org.springframework.boot.test.autoconfigure.web.client.MockRestServiceServerResetTestExecutionListener@1804f60d, org.springframework.boot.test.autoconfigure.web.servlet.MockMvcPrintOnlyOnFailureTestExecutionListener@3a80515c, org.springframework.boot.test.autoconfigure.web.servlet.WebDriverTestExecutionListener@547e29a4, org.springframework.boot.test.autoconfigure.webservices.client.MockWebServiceServerTestExecutionListener@1c807b1d, org.springframework.boot.test.mock.mockito.ResetMocksTestExecutionListener@238b521e]
19:31:27.890 [Test worker] DEBUG org.springframework.test.context.support.AbstractDirtiesContextTestExecutionListener - Before test class: context [DefaultTestContext@6ebd78d1 testClass = DollarCalculatorTest, testInstance = [null], testMethod = [null], testException = [null], mergedContextConfiguration = [WebMergedContextConfiguration@436390f4 testClass = DollarCalculatorTest, locations = '{}', classes = '{class com.example.springcalculator.SpringCalculatorApplication}', contextInitializerClasses = '[]', activeProfiles = '{}', propertySourceLocations = '{}', propertySourceProperties = '{org.springframework.boot.test.context.SpringBootTestContextBootstrapper=true}', contextCustomizers = set[org.springframework.boot.test.autoconfigure.actuate.metrics.MetricsExportContextCustomizerFactory$DisableMetricExportContextCustomizer@565b064f, org.springframework.boot.test.autoconfigure.properties.PropertyMappingContextCustomizer@0, org.springframework.boot.test.autoconfigure.web.servlet.WebDriverContextCustomizerFactory$Customizer@b78a709, org.springframework.boot.test.context.filter.ExcludeFilterContextCustomizer@cb191ca, org.springframework.boot.test.json.DuplicateJsonObjectContextCustomizerFactory$DuplicateJsonObjectContextCustomizer@1f2f9244, org.springframework.boot.test.mock.mockito.MockitoContextCustomizer@396a0e34, org.springframework.boot.test.web.client.TestRestTemplateContextCustomizer@37b70343, org.springframework.boot.test.context.SpringBootTestArgs@1, org.springframework.boot.test.context.SpringBootTestWebEnvironment@4bff7da0], resourceBasePath = 'src/main/webapp', contextLoader = 'org.springframework.boot.test.context.SpringBootContextLoader', parent = [null]], attributes = map['org.springframework.test.context.web.ServletTestExecutionListener.activateListener' -> true]], class annotated with @DirtiesContext [false] with mode [null].

  .   ____          _            __ _ _
 /\\ / ___'_ __ _ _(_)_ __  __ _ \ \ \ \
( ( )\___ | '_ | '_| | '_ \/ _` | \ \ \ \
 \\/  ___)| |_)| | | | | || (_| |  ) ) ) )
  '  |____| .__|_| |_|_| |_\__, | / / / /
 =========|_|==============|___/=/_/_/_/
 :: Spring Boot ::                (v2.7.3)

2022-08-31 19:31:28.351  INFO 6596 --- [    Test worker] c.e.s.component.DollarCalculatorTest     : Starting DollarCalculatorTest using Java 11.0.16 on DESKTOP-UVTDLBF with PID 6596 (started by godjo in C:\study\spring-calculator)
2022-08-31 19:31:28.351  INFO 6596 --- [    Test worker] c.e.s.component.DollarCalculatorTest     : No active profile set, falling back to 1 default profile: "default"
2022-08-31 19:31:30.937  INFO 6596 --- [    Test worker] c.e.s.component.DollarCalculatorTest     : Started DollarCalculatorTest in 3.0 seconds (JVM running for 4.774)
]]></system-out>
  <system-err><![CDATA[]]></system-err>
</testsuite>
